<?xml version="1.0" encoding="UTF-8"?>
<testsuite xmlns:xsi="http://www.w3.org/2001/XMLSchema-instance" xsi:noNamespaceSchemaLocation="https://maven.apache.org/surefire/maven-surefire-plugin/xsd/surefire-test-report.xsd" name="com.bubudeai.MysiteBlogApplicationTests" time="13.669" tests="7" errors="0" skipped="0" failures="0">
  <properties>
    <property name="sun.desktop" value="windows"/>
    <property name="awt.toolkit" value="sun.awt.windows.WToolkit"/>
    <property name="file.encoding.pkg" value="sun.io"/>
    <property name="java.specification.version" value="1.8"/>
    <property name="sun.cpu.isalist" value="amd64"/>
    <property name="sun.jnu.encoding" value="GBK"/>
    <property name="java.class.path" value="D:\毕业设计\mysite-blog\target\test-classes;D:\毕业设计\mysite-blog\target\classes;D:\Repository\org\springframework\boot\spring-boot-starter-jdbc\2.4.4\spring-boot-starter-jdbc-2.4.4.jar;D:\Repository\org\springframework\boot\spring-boot-starter\2.4.4\spring-boot-starter-2.4.4.jar;D:\Repository\org\springframework\boot\spring-boot-starter-logging\2.4.4\spring-boot-starter-logging-2.4.4.jar;D:\Repository\ch\qos\logback\logback-classic\1.2.3\logback-classic-1.2.3.jar;D:\Repository\ch\qos\logback\logback-core\1.2.3\logback-core-1.2.3.jar;D:\Repository\org\apache\logging\log4j\log4j-to-slf4j\2.13.3\log4j-to-slf4j-2.13.3.jar;D:\Repository\org\apache\logging\log4j\log4j-api\2.13.3\log4j-api-2.13.3.jar;D:\Repository\org\slf4j\jul-to-slf4j\1.7.30\jul-to-slf4j-1.7.30.jar;D:\Repository\jakarta\annotation\jakarta.annotation-api\1.3.5\jakarta.annotation-api-1.3.5.jar;D:\Repository\org\yaml\snakeyaml\1.27\snakeyaml-1.27.jar;D:\Repository\com\zaxxer\HikariCP\3.4.5\HikariCP-3.4.5.jar;D:\Repository\org\springframework\spring-jdbc\5.3.5\spring-jdbc-5.3.5.jar;D:\Repository\org\springframework\spring-beans\5.3.5\spring-beans-5.3.5.jar;D:\Repository\org\springframework\spring-tx\5.3.5\spring-tx-5.3.5.jar;D:\Repository\org\springframework\boot\spring-boot-starter-web\2.4.4\spring-boot-starter-web-2.4.4.jar;D:\Repository\org\springframework\boot\spring-boot-starter-json\2.4.4\spring-boot-starter-json-2.4.4.jar;D:\Repository\com\fasterxml\jackson\core\jackson-databind\2.11.4\jackson-databind-2.11.4.jar;D:\Repository\com\fasterxml\jackson\core\jackson-core\2.11.4\jackson-core-2.11.4.jar;D:\Repository\com\fasterxml\jackson\datatype\jackson-datatype-jdk8\2.11.4\jackson-datatype-jdk8-2.11.4.jar;D:\Repository\com\fasterxml\jackson\datatype\jackson-datatype-jsr310\2.11.4\jackson-datatype-jsr310-2.11.4.jar;D:\Repository\com\fasterxml\jackson\module\jackson-module-parameter-names\2.11.4\jackson-module-parameter-names-2.11.4.jar;D:\Repository\org\springframework\boot\spring-boot-starter-tomcat\2.4.4\spring-boot-starter-tomcat-2.4.4.jar;D:\Repository\org\apache\tomcat\embed\tomcat-embed-core\9.0.44\tomcat-embed-core-9.0.44.jar;D:\Repository\org\glassfish\jakarta.el\3.0.3\jakarta.el-3.0.3.jar;D:\Repository\org\apache\tomcat\embed\tomcat-embed-websocket\9.0.44\tomcat-embed-websocket-9.0.44.jar;D:\Repository\org\springframework\spring-web\5.3.5\spring-web-5.3.5.jar;D:\Repository\org\springframework\spring-webmvc\5.3.5\spring-webmvc-5.3.5.jar;D:\Repository\org\springframework\spring-aop\5.3.5\spring-aop-5.3.5.jar;D:\Repository\org\springframework\spring-context\5.3.5\spring-context-5.3.5.jar;D:\Repository\org\springframework\spring-expression\5.3.5\spring-expression-5.3.5.jar;D:\Repository\org\mybatis\spring\boot\mybatis-spring-boot-starter\2.1.4\mybatis-spring-boot-starter-2.1.4.jar;D:\Repository\org\mybatis\spring\boot\mybatis-spring-boot-autoconfigure\2.1.4\mybatis-spring-boot-autoconfigure-2.1.4.jar;D:\Repository\org\mybatis\mybatis\3.5.6\mybatis-3.5.6.jar;D:\Repository\org\mybatis\mybatis-spring\2.0.6\mybatis-spring-2.0.6.jar;D:\Repository\org\springframework\boot\spring-boot-devtools\2.4.4\spring-boot-devtools-2.4.4.jar;D:\Repository\org\springframework\boot\spring-boot\2.4.4\spring-boot-2.4.4.jar;D:\Repository\org\springframework\boot\spring-boot-autoconfigure\2.4.4\spring-boot-autoconfigure-2.4.4.jar;D:\Repository\mysql\mysql-connector-java\8.0.23\mysql-connector-java-8.0.23.jar;D:\Repository\org\projectlombok\lombok\1.18.18\lombok-1.18.18.jar;D:\Repository\org\springframework\boot\spring-boot-starter-test\2.4.4\spring-boot-starter-test-2.4.4.jar;D:\Repository\org\springframework\boot\spring-boot-test\2.4.4\spring-boot-test-2.4.4.jar;D:\Repository\org\springframework\boot\spring-boot-test-autoconfigure\2.4.4\spring-boot-test-autoconfigure-2.4.4.jar;D:\Repository\com\jayway\jsonpath\json-path\2.4.0\json-path-2.4.0.jar;D:\Repository\net\minidev\json-smart\2.3\json-smart-2.3.jar;D:\Repository\net\minidev\accessors-smart\1.2\accessors-smart-1.2.jar;D:\Repository\org\ow2\asm\asm\5.0.4\asm-5.0.4.jar;D:\Repository\jakarta\xml\bind\jakarta.xml.bind-api\2.3.3\jakarta.xml.bind-api-2.3.3.jar;D:\Repository\jakarta\activation\jakarta.activation-api\1.2.2\jakarta.activation-api-1.2.2.jar;D:\Repository\org\assertj\assertj-core\3.18.1\assertj-core-3.18.1.jar;D:\Repository\org\hamcrest\hamcrest\2.2\hamcrest-2.2.jar;D:\Repository\org\junit\jupiter\junit-jupiter\5.7.1\junit-jupiter-5.7.1.jar;D:\Repository\org\junit\jupiter\junit-jupiter-api\5.7.1\junit-jupiter-api-5.7.1.jar;D:\Repository\org\apiguardian\apiguardian-api\1.1.0\apiguardian-api-1.1.0.jar;D:\Repository\org\opentest4j\opentest4j\1.2.0\opentest4j-1.2.0.jar;D:\Repository\org\junit\platform\junit-platform-commons\1.7.1\junit-platform-commons-1.7.1.jar;D:\Repository\org\junit\jupiter\junit-jupiter-params\5.7.1\junit-jupiter-params-5.7.1.jar;D:\Repository\org\junit\jupiter\junit-jupiter-engine\5.7.1\junit-jupiter-engine-5.7.1.jar;D:\Repository\org\junit\platform\junit-platform-engine\1.7.1\junit-platform-engine-1.7.1.jar;D:\Repository\org\mockito\mockito-core\3.6.28\mockito-core-3.6.28.jar;D:\Repository\net\bytebuddy\byte-buddy\1.10.22\byte-buddy-1.10.22.jar;D:\Repository\net\bytebuddy\byte-buddy-agent\1.10.22\byte-buddy-agent-1.10.22.jar;D:\Repository\org\objenesis\objenesis\3.1\objenesis-3.1.jar;D:\Repository\org\mockito\mockito-junit-jupiter\3.6.28\mockito-junit-jupiter-3.6.28.jar;D:\Repository\org\skyscreamer\jsonassert\1.5.0\jsonassert-1.5.0.jar;D:\Repository\com\vaadin\external\google\android-json\0.0.20131108.vaadin1\android-json-0.0.20131108.vaadin1.jar;D:\Repository\org\springframework\spring-core\5.3.5\spring-core-5.3.5.jar;D:\Repository\org\springframework\spring-jcl\5.3.5\spring-jcl-5.3.5.jar;D:\Repository\org\springframework\spring-test\5.3.5\spring-test-5.3.5.jar;D:\Repository\org\xmlunit\xmlunit-core\2.7.0\xmlunit-core-2.7.0.jar;D:\Repository\org\springframework\boot\spring-boot-starter-thymeleaf\2.4.4\spring-boot-starter-thymeleaf-2.4.4.jar;D:\Repository\org\thymeleaf\thymeleaf-spring5\3.0.12.RELEASE\thymeleaf-spring5-3.0.12.RELEASE.jar;D:\Repository\org\thymeleaf\thymeleaf\3.0.12.RELEASE\thymeleaf-3.0.12.RELEASE.jar;D:\Repository\org\attoparser\attoparser\2.0.5.RELEASE\attoparser-2.0.5.RELEASE.jar;D:\Repository\org\unbescape\unbescape\1.1.6.RELEASE\unbescape-1.1.6.RELEASE.jar;D:\Repository\org\thymeleaf\extras\thymeleaf-extras-java8time\3.0.4.RELEASE\thymeleaf-extras-java8time-3.0.4.RELEASE.jar;D:\Repository\com\github\pagehelper\pagehelper-spring-boot-starter\1.3.0\pagehelper-spring-boot-starter-1.3.0.jar;D:\Repository\com\github\pagehelper\pagehelper-spring-boot-autoconfigure\1.3.0\pagehelper-spring-boot-autoconfigure-1.3.0.jar;D:\Repository\com\github\pagehelper\pagehelper\5.2.0\pagehelper-5.2.0.jar;D:\Repository\com\github\jsqlparser\jsqlparser\3.2\jsqlparser-3.2.jar;D:\Repository\com\alibaba\druid-spring-boot-starter\1.1.9\druid-spring-boot-starter-1.1.9.jar;D:\Repository\com\alibaba\druid\1.1.9\druid-1.1.9.jar;D:\Repository\org\slf4j\slf4j-api\1.7.30\slf4j-api-1.7.30.jar;D:\Repository\org\apache\shiro\shiro-spring-boot-web-starter\1.7.1\shiro-spring-boot-web-starter-1.7.1.jar;D:\Repository\org\apache\shiro\shiro-spring-boot-starter\1.7.1\shiro-spring-boot-starter-1.7.1.jar;D:\Repository\org\apache\shiro\shiro-spring\1.7.1\shiro-spring-1.7.1.jar;D:\Repository\org\apache\shiro\shiro-core\1.7.1\shiro-core-1.7.1.jar;D:\Repository\org\apache\shiro\shiro-lang\1.7.1\shiro-lang-1.7.1.jar;D:\Repository\org\apache\shiro\shiro-cache\1.7.1\shiro-cache-1.7.1.jar;D:\Repository\org\apache\shiro\shiro-crypto-hash\1.7.1\shiro-crypto-hash-1.7.1.jar;D:\Repository\org\apache\shiro\shiro-crypto-core\1.7.1\shiro-crypto-core-1.7.1.jar;D:\Repository\org\apache\shiro\shiro-crypto-cipher\1.7.1\shiro-crypto-cipher-1.7.1.jar;D:\Repository\org\apache\shiro\shiro-config-core\1.7.1\shiro-config-core-1.7.1.jar;D:\Repository\org\apache\shiro\shiro-config-ogdl\1.7.1\shiro-config-ogdl-1.7.1.jar;D:\Repository\commons-beanutils\commons-beanutils\1.9.4\commons-beanutils-1.9.4.jar;D:\Repository\commons-collections\commons-collections\3.2.2\commons-collections-3.2.2.jar;D:\Repository\org\apache\shiro\shiro-event\1.7.1\shiro-event-1.7.1.jar;D:\Repository\org\apache\shiro\shiro-web\1.7.1\shiro-web-1.7.1.jar;D:\Repository\org\owasp\encoder\encoder\1.2.2\encoder-1.2.2.jar;D:\Repository\io\springfox\springfox-swagger-ui\2.9.2\springfox-swagger-ui-2.9.2.jar;D:\Repository\io\springfox\springfox-spring-web\2.9.2\springfox-spring-web-2.9.2.jar;D:\Repository\io\springfox\springfox-swagger2\2.9.2\springfox-swagger2-2.9.2.jar;D:\Repository\io\swagger\swagger-annotations\1.5.20\swagger-annotations-1.5.20.jar;D:\Repository\io\swagger\swagger-models\1.5.20\swagger-models-1.5.20.jar;D:\Repository\com\fasterxml\jackson\core\jackson-annotations\2.11.4\jackson-annotations-2.11.4.jar;D:\Repository\io\springfox\springfox-spi\2.9.2\springfox-spi-2.9.2.jar;D:\Repository\io\springfox\springfox-core\2.9.2\springfox-core-2.9.2.jar;D:\Repository\io\springfox\springfox-schema\2.9.2\springfox-schema-2.9.2.jar;D:\Repository\io\springfox\springfox-swagger-common\2.9.2\springfox-swagger-common-2.9.2.jar;D:\Repository\com\google\guava\guava\20.0\guava-20.0.jar;D:\Repository\com\fasterxml\classmate\1.5.1\classmate-1.5.1.jar;D:\Repository\org\springframework\plugin\spring-plugin-core\1.2.0.RELEASE\spring-plugin-core-1.2.0.RELEASE.jar;D:\Repository\org\springframework\plugin\spring-plugin-metadata\1.2.0.RELEASE\spring-plugin-metadata-1.2.0.RELEASE.jar;D:\Repository\org\mapstruct\mapstruct\1.2.0.Final\mapstruct-1.2.0.Final.jar;"/>
    <property name="java.vm.vendor" value="Oracle Corporation"/>
    <property name="sun.arch.data.model" value="64"/>
    <property name="user.variant" value=""/>
    <property name="java.vendor.url" value="http://java.oracle.com/"/>
    <property name="user.timezone" value="Asia/Shanghai"/>
    <property name="java.vm.specification.version" value="1.8"/>
    <property name="os.name" value="Windows 10"/>
    <property name="user.country" value="CN"/>
    <property name="sun.java.launcher" value="SUN_STANDARD"/>
    <property name="sun.boot.library.path" value="C:\Program Files\Java\jdk1.8.0_131\jre\bin"/>
    <property name="sun.java.command" value="C:\Users\22485\AppData\Local\Temp\surefire6821670310007522100\surefirebooter8902738144686040232.jar C:\Users\22485\AppData\Local\Temp\surefire6821670310007522100 2021-05-12T19-49-16_825-jvmRun1 surefire7803602722856921297tmp surefire_06490069673731450517tmp"/>
    <property name="surefire.test.class.path" value="D:\毕业设计\mysite-blog\target\test-classes;D:\毕业设计\mysite-blog\target\classes;D:\Repository\org\springframework\boot\spring-boot-starter-jdbc\2.4.4\spring-boot-starter-jdbc-2.4.4.jar;D:\Repository\org\springframework\boot\spring-boot-starter\2.4.4\spring-boot-starter-2.4.4.jar;D:\Repository\org\springframework\boot\spring-boot-starter-logging\2.4.4\spring-boot-starter-logging-2.4.4.jar;D:\Repository\ch\qos\logback\logback-classic\1.2.3\logback-classic-1.2.3.jar;D:\Repository\ch\qos\logback\logback-core\1.2.3\logback-core-1.2.3.jar;D:\Repository\org\apache\logging\log4j\log4j-to-slf4j\2.13.3\log4j-to-slf4j-2.13.3.jar;D:\Repository\org\apache\logging\log4j\log4j-api\2.13.3\log4j-api-2.13.3.jar;D:\Repository\org\slf4j\jul-to-slf4j\1.7.30\jul-to-slf4j-1.7.30.jar;D:\Repository\jakarta\annotation\jakarta.annotation-api\1.3.5\jakarta.annotation-api-1.3.5.jar;D:\Repository\org\yaml\snakeyaml\1.27\snakeyaml-1.27.jar;D:\Repository\com\zaxxer\HikariCP\3.4.5\HikariCP-3.4.5.jar;D:\Repository\org\springframework\spring-jdbc\5.3.5\spring-jdbc-5.3.5.jar;D:\Repository\org\springframework\spring-beans\5.3.5\spring-beans-5.3.5.jar;D:\Repository\org\springframework\spring-tx\5.3.5\spring-tx-5.3.5.jar;D:\Repository\org\springframework\boot\spring-boot-starter-web\2.4.4\spring-boot-starter-web-2.4.4.jar;D:\Repository\org\springframework\boot\spring-boot-starter-json\2.4.4\spring-boot-starter-json-2.4.4.jar;D:\Repository\com\fasterxml\jackson\core\jackson-databind\2.11.4\jackson-databind-2.11.4.jar;D:\Repository\com\fasterxml\jackson\core\jackson-core\2.11.4\jackson-core-2.11.4.jar;D:\Repository\com\fasterxml\jackson\datatype\jackson-datatype-jdk8\2.11.4\jackson-datatype-jdk8-2.11.4.jar;D:\Repository\com\fasterxml\jackson\datatype\jackson-datatype-jsr310\2.11.4\jackson-datatype-jsr310-2.11.4.jar;D:\Repository\com\fasterxml\jackson\module\jackson-module-parameter-names\2.11.4\jackson-module-parameter-names-2.11.4.jar;D:\Repository\org\springframework\boot\spring-boot-starter-tomcat\2.4.4\spring-boot-starter-tomcat-2.4.4.jar;D:\Repository\org\apache\tomcat\embed\tomcat-embed-core\9.0.44\tomcat-embed-core-9.0.44.jar;D:\Repository\org\glassfish\jakarta.el\3.0.3\jakarta.el-3.0.3.jar;D:\Repository\org\apache\tomcat\embed\tomcat-embed-websocket\9.0.44\tomcat-embed-websocket-9.0.44.jar;D:\Repository\org\springframework\spring-web\5.3.5\spring-web-5.3.5.jar;D:\Repository\org\springframework\spring-webmvc\5.3.5\spring-webmvc-5.3.5.jar;D:\Repository\org\springframework\spring-aop\5.3.5\spring-aop-5.3.5.jar;D:\Repository\org\springframework\spring-context\5.3.5\spring-context-5.3.5.jar;D:\Repository\org\springframework\spring-expression\5.3.5\spring-expression-5.3.5.jar;D:\Repository\org\mybatis\spring\boot\mybatis-spring-boot-starter\2.1.4\mybatis-spring-boot-starter-2.1.4.jar;D:\Repository\org\mybatis\spring\boot\mybatis-spring-boot-autoconfigure\2.1.4\mybatis-spring-boot-autoconfigure-2.1.4.jar;D:\Repository\org\mybatis\mybatis\3.5.6\mybatis-3.5.6.jar;D:\Repository\org\mybatis\mybatis-spring\2.0.6\mybatis-spring-2.0.6.jar;D:\Repository\org\springframework\boot\spring-boot-devtools\2.4.4\spring-boot-devtools-2.4.4.jar;D:\Repository\org\springframework\boot\spring-boot\2.4.4\spring-boot-2.4.4.jar;D:\Repository\org\springframework\boot\spring-boot-autoconfigure\2.4.4\spring-boot-autoconfigure-2.4.4.jar;D:\Repository\mysql\mysql-connector-java\8.0.23\mysql-connector-java-8.0.23.jar;D:\Repository\org\projectlombok\lombok\1.18.18\lombok-1.18.18.jar;D:\Repository\org\springframework\boot\spring-boot-starter-test\2.4.4\spring-boot-starter-test-2.4.4.jar;D:\Repository\org\springframework\boot\spring-boot-test\2.4.4\spring-boot-test-2.4.4.jar;D:\Repository\org\springframework\boot\spring-boot-test-autoconfigure\2.4.4\spring-boot-test-autoconfigure-2.4.4.jar;D:\Repository\com\jayway\jsonpath\json-path\2.4.0\json-path-2.4.0.jar;D:\Repository\net\minidev\json-smart\2.3\json-smart-2.3.jar;D:\Repository\net\minidev\accessors-smart\1.2\accessors-smart-1.2.jar;D:\Repository\org\ow2\asm\asm\5.0.4\asm-5.0.4.jar;D:\Repository\jakarta\xml\bind\jakarta.xml.bind-api\2.3.3\jakarta.xml.bind-api-2.3.3.jar;D:\Repository\jakarta\activation\jakarta.activation-api\1.2.2\jakarta.activation-api-1.2.2.jar;D:\Repository\org\assertj\assertj-core\3.18.1\assertj-core-3.18.1.jar;D:\Repository\org\hamcrest\hamcrest\2.2\hamcrest-2.2.jar;D:\Repository\org\junit\jupiter\junit-jupiter\5.7.1\junit-jupiter-5.7.1.jar;D:\Repository\org\junit\jupiter\junit-jupiter-api\5.7.1\junit-jupiter-api-5.7.1.jar;D:\Repository\org\apiguardian\apiguardian-api\1.1.0\apiguardian-api-1.1.0.jar;D:\Repository\org\opentest4j\opentest4j\1.2.0\opentest4j-1.2.0.jar;D:\Repository\org\junit\platform\junit-platform-commons\1.7.1\junit-platform-commons-1.7.1.jar;D:\Repository\org\junit\jupiter\junit-jupiter-params\5.7.1\junit-jupiter-params-5.7.1.jar;D:\Repository\org\junit\jupiter\junit-jupiter-engine\5.7.1\junit-jupiter-engine-5.7.1.jar;D:\Repository\org\junit\platform\junit-platform-engine\1.7.1\junit-platform-engine-1.7.1.jar;D:\Repository\org\mockito\mockito-core\3.6.28\mockito-core-3.6.28.jar;D:\Repository\net\bytebuddy\byte-buddy\1.10.22\byte-buddy-1.10.22.jar;D:\Repository\net\bytebuddy\byte-buddy-agent\1.10.22\byte-buddy-agent-1.10.22.jar;D:\Repository\org\objenesis\objenesis\3.1\objenesis-3.1.jar;D:\Repository\org\mockito\mockito-junit-jupiter\3.6.28\mockito-junit-jupiter-3.6.28.jar;D:\Repository\org\skyscreamer\jsonassert\1.5.0\jsonassert-1.5.0.jar;D:\Repository\com\vaadin\external\google\android-json\0.0.20131108.vaadin1\android-json-0.0.20131108.vaadin1.jar;D:\Repository\org\springframework\spring-core\5.3.5\spring-core-5.3.5.jar;D:\Repository\org\springframework\spring-jcl\5.3.5\spring-jcl-5.3.5.jar;D:\Repository\org\springframework\spring-test\5.3.5\spring-test-5.3.5.jar;D:\Repository\org\xmlunit\xmlunit-core\2.7.0\xmlunit-core-2.7.0.jar;D:\Repository\org\springframework\boot\spring-boot-starter-thymeleaf\2.4.4\spring-boot-starter-thymeleaf-2.4.4.jar;D:\Repository\org\thymeleaf\thymeleaf-spring5\3.0.12.RELEASE\thymeleaf-spring5-3.0.12.RELEASE.jar;D:\Repository\org\thymeleaf\thymeleaf\3.0.12.RELEASE\thymeleaf-3.0.12.RELEASE.jar;D:\Repository\org\attoparser\attoparser\2.0.5.RELEASE\attoparser-2.0.5.RELEASE.jar;D:\Repository\org\unbescape\unbescape\1.1.6.RELEASE\unbescape-1.1.6.RELEASE.jar;D:\Repository\org\thymeleaf\extras\thymeleaf-extras-java8time\3.0.4.RELEASE\thymeleaf-extras-java8time-3.0.4.RELEASE.jar;D:\Repository\com\github\pagehelper\pagehelper-spring-boot-starter\1.3.0\pagehelper-spring-boot-starter-1.3.0.jar;D:\Repository\com\github\pagehelper\pagehelper-spring-boot-autoconfigure\1.3.0\pagehelper-spring-boot-autoconfigure-1.3.0.jar;D:\Repository\com\github\pagehelper\pagehelper\5.2.0\pagehelper-5.2.0.jar;D:\Repository\com\github\jsqlparser\jsqlparser\3.2\jsqlparser-3.2.jar;D:\Repository\com\alibaba\druid-spring-boot-starter\1.1.9\druid-spring-boot-starter-1.1.9.jar;D:\Repository\com\alibaba\druid\1.1.9\druid-1.1.9.jar;D:\Repository\org\slf4j\slf4j-api\1.7.30\slf4j-api-1.7.30.jar;D:\Repository\org\apache\shiro\shiro-spring-boot-web-starter\1.7.1\shiro-spring-boot-web-starter-1.7.1.jar;D:\Repository\org\apache\shiro\shiro-spring-boot-starter\1.7.1\shiro-spring-boot-starter-1.7.1.jar;D:\Repository\org\apache\shiro\shiro-spring\1.7.1\shiro-spring-1.7.1.jar;D:\Repository\org\apache\shiro\shiro-core\1.7.1\shiro-core-1.7.1.jar;D:\Repository\org\apache\shiro\shiro-lang\1.7.1\shiro-lang-1.7.1.jar;D:\Repository\org\apache\shiro\shiro-cache\1.7.1\shiro-cache-1.7.1.jar;D:\Repository\org\apache\shiro\shiro-crypto-hash\1.7.1\shiro-crypto-hash-1.7.1.jar;D:\Repository\org\apache\shiro\shiro-crypto-core\1.7.1\shiro-crypto-core-1.7.1.jar;D:\Repository\org\apache\shiro\shiro-crypto-cipher\1.7.1\shiro-crypto-cipher-1.7.1.jar;D:\Repository\org\apache\shiro\shiro-config-core\1.7.1\shiro-config-core-1.7.1.jar;D:\Repository\org\apache\shiro\shiro-config-ogdl\1.7.1\shiro-config-ogdl-1.7.1.jar;D:\Repository\commons-beanutils\commons-beanutils\1.9.4\commons-beanutils-1.9.4.jar;D:\Repository\commons-collections\commons-collections\3.2.2\commons-collections-3.2.2.jar;D:\Repository\org\apache\shiro\shiro-event\1.7.1\shiro-event-1.7.1.jar;D:\Repository\org\apache\shiro\shiro-web\1.7.1\shiro-web-1.7.1.jar;D:\Repository\org\owasp\encoder\encoder\1.2.2\encoder-1.2.2.jar;D:\Repository\io\springfox\springfox-swagger-ui\2.9.2\springfox-swagger-ui-2.9.2.jar;D:\Repository\io\springfox\springfox-spring-web\2.9.2\springfox-spring-web-2.9.2.jar;D:\Repository\io\springfox\springfox-swagger2\2.9.2\springfox-swagger2-2.9.2.jar;D:\Repository\io\swagger\swagger-annotations\1.5.20\swagger-annotations-1.5.20.jar;D:\Repository\io\swagger\swagger-models\1.5.20\swagger-models-1.5.20.jar;D:\Repository\com\fasterxml\jackson\core\jackson-annotations\2.11.4\jackson-annotations-2.11.4.jar;D:\Repository\io\springfox\springfox-spi\2.9.2\springfox-spi-2.9.2.jar;D:\Repository\io\springfox\springfox-core\2.9.2\springfox-core-2.9.2.jar;D:\Repository\io\springfox\springfox-schema\2.9.2\springfox-schema-2.9.2.jar;D:\Repository\io\springfox\springfox-swagger-common\2.9.2\springfox-swagger-common-2.9.2.jar;D:\Repository\com\google\guava\guava\20.0\guava-20.0.jar;D:\Repository\com\fasterxml\classmate\1.5.1\classmate-1.5.1.jar;D:\Repository\org\springframework\plugin\spring-plugin-core\1.2.0.RELEASE\spring-plugin-core-1.2.0.RELEASE.jar;D:\Repository\org\springframework\plugin\spring-plugin-metadata\1.2.0.RELEASE\spring-plugin-metadata-1.2.0.RELEASE.jar;D:\Repository\org\mapstruct\mapstruct\1.2.0.Final\mapstruct-1.2.0.Final.jar;"/>
    <property name="sun.cpu.endian" value="little"/>
    <property name="user.home" value="C:\Users\22485"/>
    <property name="user.language" value="zh"/>
    <property name="java.specification.vendor" value="Oracle Corporation"/>
    <property name="java.home" value="C:\Program Files\Java\jdk1.8.0_131\jre"/>
    <property name="basedir" value="D:\毕业设计\mysite-blog"/>
    <property name="file.separator" value="\"/>
    <property name="line.separator" value="&#10;"/>
    <property name="java.vm.specification.vendor" value="Oracle Corporation"/>
    <property name="java.specification.name" value="Java Platform API Specification"/>
    <property name="java.awt.graphicsenv" value="sun.awt.Win32GraphicsEnvironment"/>
    <property name="surefire.real.class.path" value="C:\Users\22485\AppData\Local\Temp\surefire6821670310007522100\surefirebooter8902738144686040232.jar"/>
    <property name="sun.boot.class.path" value="C:\Program Files\Java\jdk1.8.0_131\jre\lib\resources.jar;C:\Program Files\Java\jdk1.8.0_131\jre\lib\rt.jar;C:\Program Files\Java\jdk1.8.0_131\jre\lib\sunrsasign.jar;C:\Program Files\Java\jdk1.8.0_131\jre\lib\jsse.jar;C:\Program Files\Java\jdk1.8.0_131\jre\lib\jce.jar;C:\Program Files\Java\jdk1.8.0_131\jre\lib\charsets.jar;C:\Program Files\Java\jdk1.8.0_131\jre\lib\jfr.jar;C:\Program Files\Java\jdk1.8.0_131\jre\classes"/>
    <property name="user.script" value=""/>
    <property name="sun.management.compiler" value="HotSpot 64-Bit Tiered Compilers"/>
    <property name="java.runtime.version" value="1.8.0_131-b11"/>
    <property name="user.name" value="22485"/>
    <property name="path.separator" value=";"/>
    <property name="os.version" value="10.0"/>
    <property name="java.endorsed.dirs" value="C:\Program Files\Java\jdk1.8.0_131\jre\lib\endorsed"/>
    <property name="java.runtime.name" value="Java(TM) SE Runtime Environment"/>
    <property name="file.encoding" value="GBK"/>
    <property name="java.vm.name" value="Java HotSpot(TM) 64-Bit Server VM"/>
    <property name="localRepository" value="D:\Repository"/>
    <property name="java.vendor.url.bug" value="http://bugreport.sun.com/bugreport/"/>
    <property name="java.io.tmpdir" value="C:\Users\22485\AppData\Local\Temp\"/>
    <property name="java.version" value="1.8.0_131"/>
    <property name="user.dir" value="D:\毕业设计\mysite-blog"/>
    <property name="os.arch" value="amd64"/>
    <property name="java.vm.specification.name" value="Java Virtual Machine Specification"/>
    <property name="java.awt.printerjob" value="sun.awt.windows.WPrinterJob"/>
    <property name="sun.os.patch.level" value=""/>
    <property name="java.library.path" value="C:\Program Files\Java\jdk1.8.0_131\jre\bin;C:\WINDOWS\Sun\Java\bin;C:\WINDOWS\system32;C:\WINDOWS;C:\Program Files (x86)\Java\jdk1.8.0_131x86\bin;D:\apache-maven-3.6.3\bin;D:\xftp\;C:\Windows\system32;C:\Windows;C:\Windows\System32\Wbem;C:\Windows\System32\WindowsPowerShell\v1.0\;C:\Windows\System32\OpenSSH\;C:\Program Files (x86)\NVIDIA Corporation\PhysX\Common;C:\Program Files\NVIDIA Corporation\NVIDIA NvDLISR;C:\Program Files (x86)\Google\Chrome\Application;D:\NodeJs\;C:\WINDOWS\system32;C:\WINDOWS;C:\WINDOWS\System32\Wbem;C:\WINDOWS\System32\WindowsPowerShell\v1.0\;C:\WINDOWS\System32\OpenSSH\;C:\Users\22485\AppData\Local\Microsoft\WindowsApps;;D:\VSCode\Microsoft VS Code\bin;C:\Users\22485\AppData\Roaming\npm;."/>
    <property name="java.vm.info" value="mixed mode"/>
    <property name="java.vendor" value="Oracle Corporation"/>
    <property name="java.vm.version" value="25.131-b11"/>
    <property name="idea.version2019.3" value="true"/>
    <property name="java.ext.dirs" value="C:\Program Files\Java\jdk1.8.0_131\jre\lib\ext;C:\WINDOWS\Sun\Java\lib\ext"/>
    <property name="sun.io.unicode.encoding" value="UnicodeLittle"/>
    <property name="java.class.version" value="52.0"/>
  </properties>
  <testcase name="contextLoads1" classname="com.bubudeai.MysiteBlogApplicationTests" time="6.315"/>
  <testcase name="contextLoads2" classname="com.bubudeai.MysiteBlogApplicationTests" time="0.004"/>
  <testcase name="contextLoad3" classname="com.bubudeai.MysiteBlogApplicationTests" time="0.082"/>
  <testcase name="contextLoad4" classname="com.bubudeai.MysiteBlogApplicationTests" time="0.286"/>
  <testcase name="contextLoad5" classname="com.bubudeai.MysiteBlogApplicationTests" time="0.147"/>
  <testcase name="contextLoad6" classname="com.bubudeai.MysiteBlogApplicationTests" time="0.048"/>
  <testcase name="contextLoads" classname="com.bubudeai.MysiteBlogApplicationTests" time="1.867"/>
</testsuite>